0 info it worked if it ends with ok
1 verbose cli [ 'node', '/usr/local/bin/npm', 'install' ]
2 info using npm@2.7.5
3 info using node@v0.12.2
4 verbose node symlink /usr/local/bin/node
5 verbose install where, deps [ '/Users/saber/coding/mygithub/ReactFormbuilder',
5 verbose install   [ 'flux',
5 verbose install     'reflux',
5 verbose install     'keymirror',
5 verbose install     'object-assign',
5 verbose install     'react',
5 verbose install     'react-router',
5 verbose install     'bootstrap',
5 verbose install     'material-ui',
5 verbose install     'material-ui-sass',
5 verbose install     'react-dnd',
5 verbose install     'lodash',
5 verbose install     'autoprefixer-loader',
5 verbose install     'babel',
5 verbose install     'babel-core',
5 verbose install     'babel-eslint',
5 verbose install     'babel-loader',
5 verbose install     'browser-sync',
5 verbose install     'classnames',
5 verbose install     'css-loader',
5 verbose install     'del',
5 verbose install     'eslint',
5 verbose install     'eslint-loader',
5 verbose install     'eslint-plugin-react',
5 verbose install     'font-awesome',
5 verbose install     'gulp',
5 verbose install     'gulp-autoprefixer',
5 verbose install     'gulp-changed',
5 verbose install     'gulp-if',
5 verbose install     'gulp-load-plugins',
5 verbose install     'gulp-rename',
5 verbose install     'gulp-sass',
5 verbose install     'gulp-size',
5 verbose install     'gulp-sourcemaps',
5 verbose install     'gulp-uglify',
5 verbose install     'gulp-util',
5 verbose install     'gulp-webpack',
5 verbose install     'html-loader',
5 verbose install     'minimist',
5 verbose install     'run-sequence',
5 verbose install     'style-loader',
5 verbose install     'url-loader',
5 verbose install     'less',
5 verbose install     'less-loader',
5 verbose install     'extract-text-webpack-plugin',
5 verbose install     'webpack',
5 verbose install     'webpack-dev-middleware' ] ]
6 verbose install where, peers [ '/Users/saber/coding/mygithub/ReactFormbuilder', [] ]
7 info preinstall react-app@0.0.1
8 verbose already installed skipping babel@^5.2.16 /Users/saber/coding/mygithub/ReactFormbuilder
9 verbose already installed skipping babel-core@ ^5.2.16 /Users/saber/coding/mygithub/ReactFormbuilder
10 verbose already installed skipping babel-eslint@^3.1.1 /Users/saber/coding/mygithub/ReactFormbuilder
11 verbose already installed skipping babel-loader@^5.0.0 /Users/saber/coding/mygithub/ReactFormbuilder
12 verbose already installed skipping browser-sync@^2.7.1 /Users/saber/coding/mygithub/ReactFormbuilder
13 verbose already installed skipping classnames@^2.1.2 /Users/saber/coding/mygithub/ReactFormbuilder
14 verbose already installed skipping css-loader@^0.12.0 /Users/saber/coding/mygithub/ReactFormbuilder
15 verbose already installed skipping del@^1.1.1 /Users/saber/coding/mygithub/ReactFormbuilder
16 verbose already installed skipping eslint@^0.20.0 /Users/saber/coding/mygithub/ReactFormbuilder
17 verbose already installed skipping eslint-loader@^0.11.1 /Users/saber/coding/mygithub/ReactFormbuilder
18 verbose already installed skipping eslint-plugin-react@^2.2.0 /Users/saber/coding/mygithub/ReactFormbuilder
19 verbose already installed skipping font-awesome@^4.3.0 /Users/saber/coding/mygithub/ReactFormbuilder
20 verbose already installed skipping gulp@^3.8.11 /Users/saber/coding/mygithub/ReactFormbuilder
21 verbose already installed skipping gulp-autoprefixer@^2.1.0 /Users/saber/coding/mygithub/ReactFormbuilder
22 verbose already installed skipping gulp-changed@^1.2.1 /Users/saber/coding/mygithub/ReactFormbuilder
23 verbose already installed skipping gulp-if@^1.2.5 /Users/saber/coding/mygithub/ReactFormbuilder
24 verbose already installed skipping gulp-load-plugins@^0.10.0 /Users/saber/coding/mygithub/ReactFormbuilder
25 verbose already installed skipping gulp-rename@^1.2.2 /Users/saber/coding/mygithub/ReactFormbuilder
26 verbose already installed skipping gulp-sass@^1.3.3 /Users/saber/coding/mygithub/ReactFormbuilder
27 verbose already installed skipping gulp-size@^1.2.1 /Users/saber/coding/mygithub/ReactFormbuilder
28 verbose already installed skipping gulp-sourcemaps@^1.3.0 /Users/saber/coding/mygithub/ReactFormbuilder
29 verbose already installed skipping gulp-uglify@^1.2.0 /Users/saber/coding/mygithub/ReactFormbuilder
30 verbose already installed skipping gulp-util@^3.0.4 /Users/saber/coding/mygithub/ReactFormbuilder
31 verbose already installed skipping gulp-webpack@^1.4.0 /Users/saber/coding/mygithub/ReactFormbuilder
32 verbose already installed skipping html-loader@^0.2.3 /Users/saber/coding/mygithub/ReactFormbuilder
33 verbose already installed skipping minimist@^1.1.1 /Users/saber/coding/mygithub/ReactFormbuilder
34 verbose already installed skipping run-sequence@^1.1.0 /Users/saber/coding/mygithub/ReactFormbuilder
35 verbose already installed skipping style-loader@^0.12.2 /Users/saber/coding/mygithub/ReactFormbuilder
36 verbose already installed skipping url-loader@^0.5.5 /Users/saber/coding/mygithub/ReactFormbuilder
37 verbose already installed skipping less@^2.5.1 /Users/saber/coding/mygithub/ReactFormbuilder
38 verbose already installed skipping less-loader@^2.2.0 /Users/saber/coding/mygithub/ReactFormbuilder
39 verbose already installed skipping extract-text-webpack-plugin@^0.8.2 /Users/saber/coding/mygithub/ReactFormbuilder
40 verbose already installed skipping webpack@^1.8.11 /Users/saber/coding/mygithub/ReactFormbuilder
41 verbose already installed skipping webpack-dev-middleware@^1.0.11 /Users/saber/coding/mygithub/ReactFormbuilder
42 verbose already installed skipping flux@^2.0.3 /Users/saber/coding/mygithub/ReactFormbuilder
43 verbose already installed skipping reflux@0.2.7 /Users/saber/coding/mygithub/ReactFormbuilder
44 verbose already installed skipping keymirror@~0.1.1 /Users/saber/coding/mygithub/ReactFormbuilder
45 verbose already installed skipping object-assign@^2.0.0 /Users/saber/coding/mygithub/ReactFormbuilder
46 verbose already installed skipping react@^0.13.1 /Users/saber/coding/mygithub/ReactFormbuilder
47 verbose already installed skipping react-router@^0.13.1 /Users/saber/coding/mygithub/ReactFormbuilder
48 verbose already installed skipping bootstrap@^3.3.4 /Users/saber/coding/mygithub/ReactFormbuilder
49 verbose already installed skipping material-ui@^0.9.2 /Users/saber/coding/mygithub/ReactFormbuilder
50 verbose already installed skipping material-ui-sass@^0.7.2 /Users/saber/coding/mygithub/ReactFormbuilder
51 verbose already installed skipping react-dnd@^1.1.2 /Users/saber/coding/mygithub/ReactFormbuilder
52 verbose already installed skipping lodash@^3.9.3 /Users/saber/coding/mygithub/ReactFormbuilder
53 verbose already installed skipping autoprefixer-loader@^1.2.0 /Users/saber/coding/mygithub/ReactFormbuilder
54 silly install resolved []
55 info build /Users/saber/coding/mygithub/ReactFormbuilder
56 verbose linkStuff [ false, false, false, '/Users/saber/coding/mygithub' ]
57 info linkStuff react-app@0.0.1
58 verbose linkBins react-app@0.0.1
59 verbose linkMans react-app@0.0.1
60 verbose rebuildBundles react-app@0.0.1
61 verbose rebuildBundles [ '.bin',
61 verbose rebuildBundles   'autoprefixer-loader',
61 verbose rebuildBundles   'babel',
61 verbose rebuildBundles   'babel-core',
61 verbose rebuildBundles   'babel-eslint',
61 verbose rebuildBundles   'babel-loader',
61 verbose rebuildBundles   'bootstrap',
61 verbose rebuildBundles   'browser-sync',
61 verbose rebuildBundles   'classnames',
61 verbose rebuildBundles   'css-loader',
61 verbose rebuildBundles   'del',
61 verbose rebuildBundles   'eslint',
61 verbose rebuildBundles   'eslint-loader',
61 verbose rebuildBundles   'eslint-plugin-react',
61 verbose rebuildBundles   'extract-text-webpack-plugin',
61 verbose rebuildBundles   'file-loader',
61 verbose rebuildBundles   'flux',
61 verbose rebuildBundles   'font-awesome',
61 verbose rebuildBundles   'gulp',
61 verbose rebuildBundles   'gulp-autoprefixer',
61 verbose rebuildBundles   'gulp-changed',
61 verbose rebuildBundles   'gulp-if',
61 verbose rebuildBundles   'gulp-load-plugins',
61 verbose rebuildBundles   'gulp-rename',
61 verbose rebuildBundles   'gulp-sass',
61 verbose rebuildBundles   'gulp-size',
61 verbose rebuildBundles   'gulp-sourcemaps',
61 verbose rebuildBundles   'gulp-uglify',
61 verbose rebuildBundles   'gulp-util',
61 verbose rebuildBundles   'gulp-webpack',
61 verbose rebuildBundles   'html-loader',
61 verbose rebuildBundles   'keymirror',
61 verbose rebuildBundles   'less',
61 verbose rebuildBundles   'less-loader',
61 verbose rebuildBundles   'lodash',
61 verbose rebuildBundles   'material-ui',
61 verbose rebuildBundles   'material-ui-sass',
61 verbose rebuildBundles   'minimist',
61 verbose rebuildBundles   'node-libs-browser',
61 verbose rebuildBundles   'object-assign',
61 verbose rebuildBundles   'react',
61 verbose rebuildBundles   'react-dnd',
61 verbose rebuildBundles   'react-router',
61 verbose rebuildBundles   'react-tap-event-plugin',
61 verbose rebuildBundles   'reflux',
61 verbose rebuildBundles   'run-sequence',
61 verbose rebuildBundles   'style-loader',
61 verbose rebuildBundles   'url-loader',
61 verbose rebuildBundles   'webpack',
61 verbose rebuildBundles   'webpack-dev-middleware' ]
62 verbose rebuild bundle /Users/saber/coding/mygithub/ReactFormbuilder/node_modules/file-loader
63 info build /Users/saber/coding/mygithub/ReactFormbuilder/node_modules/file-loader
64 info preinstall file-loader@0.8.4
65 verbose linkStuff [ false,
65 verbose linkStuff   false,
65 verbose linkStuff   false,
65 verbose linkStuff   '/Users/saber/coding/mygithub/ReactFormbuilder/node_modules' ]
66 info linkStuff file-loader@0.8.4
67 verbose linkBins file-loader@0.8.4
68 verbose linkMans file-loader@0.8.4
69 verbose rebuildBundles file-loader@0.8.4
70 verbose rebuildBundles [ 'loader-utils' ]
71 info install file-loader@0.8.4
72 info postinstall file-loader@0.8.4
73 verbose rebuild bundle /Users/saber/coding/mygithub/ReactFormbuilder/node_modules/node-libs-browser
74 info build /Users/saber/coding/mygithub/ReactFormbuilder/node_modules/node-libs-browser
75 info preinstall node-libs-browser@0.5.2
76 verbose linkStuff [ false,
76 verbose linkStuff   false,
76 verbose linkStuff   false,
76 verbose linkStuff   '/Users/saber/coding/mygithub/ReactFormbuilder/node_modules' ]
77 info linkStuff node-libs-browser@0.5.2
78 verbose linkBins node-libs-browser@0.5.2
79 verbose linkMans node-libs-browser@0.5.2
80 verbose rebuildBundles node-libs-browser@0.5.2
81 verbose rebuildBundles [ 'assert',
81 verbose rebuildBundles   'browserify-zlib',
81 verbose rebuildBundles   'buffer',
81 verbose rebuildBundles   'console-browserify',
81 verbose rebuildBundles   'constants-browserify',
81 verbose rebuildBundles   'crypto-browserify',
81 verbose rebuildBundles   'domain-browser',
81 verbose rebuildBundles   'events',
81 verbose rebuildBundles   'http-browserify',
81 verbose rebuildBundles   'https-browserify',
81 verbose rebuildBundles   'os-browserify',
81 verbose rebuildBundles   'path-browserify',
81 verbose rebuildBundles   'process',
81 verbose rebuildBundles   'punycode',
81 verbose rebuildBundles   'querystring-es3',
81 verbose rebuildBundles   'readable-stream',
81 verbose rebuildBundles   'stream-browserify',
81 verbose rebuildBundles   'string_decoder',
81 verbose rebuildBundles   'timers-browserify',
81 verbose rebuildBundles   'tty-browserify',
81 verbose rebuildBundles   'url',
81 verbose rebuildBundles   'util',
81 verbose rebuildBundles   'vm-browserify' ]
82 info install node-libs-browser@0.5.2
83 info postinstall node-libs-browser@0.5.2
84 verbose rebuild bundle /Users/saber/coding/mygithub/ReactFormbuilder/node_modules/react-tap-event-plugin
85 info build /Users/saber/coding/mygithub/ReactFormbuilder/node_modules/react-tap-event-plugin
86 info preinstall react-tap-event-plugin@0.1.7
87 verbose linkStuff [ false,
87 verbose linkStuff   false,
87 verbose linkStuff   false,
87 verbose linkStuff   '/Users/saber/coding/mygithub/ReactFormbuilder/node_modules' ]
88 info linkStuff react-tap-event-plugin@0.1.7
89 verbose linkBins react-tap-event-plugin@0.1.7
90 verbose linkMans react-tap-event-plugin@0.1.7
91 verbose rebuildBundles react-tap-event-plugin@0.1.7
92 info install react-tap-event-plugin@0.1.7
93 info postinstall react-tap-event-plugin@0.1.7
94 info install react-app@0.0.1
95 info postinstall react-app@0.0.1
96 info prepublish react-app@0.0.1
97 verbose stack Error: The package webpack does not satisfy its siblings' peerDependencies requirements!
97 verbose stack     at /usr/local/lib/node_modules/npm/lib/install.js:125:32
97 verbose stack     at /usr/local/lib/node_modules/npm/lib/install.js:264:7
97 verbose stack     at /usr/local/lib/node_modules/npm/node_modules/read-installed/read-installed.js:138:5
97 verbose stack     at /usr/local/lib/node_modules/npm/node_modules/read-installed/read-installed.js:251:14
97 verbose stack     at cb (/usr/local/lib/node_modules/npm/node_modules/slide/lib/async-map.js:47:24)
97 verbose stack     at /usr/local/lib/node_modules/npm/node_modules/read-installed/read-installed.js:251:14
97 verbose stack     at cb (/usr/local/lib/node_modules/npm/node_modules/slide/lib/async-map.js:47:24)
97 verbose stack     at /usr/local/lib/node_modules/npm/node_modules/read-installed/read-installed.js:251:14
97 verbose stack     at cb (/usr/local/lib/node_modules/npm/node_modules/slide/lib/async-map.js:47:24)
97 verbose stack     at /usr/local/lib/node_modules/npm/node_modules/read-installed/read-installed.js:251:14
98 verbose cwd /Users/saber/coding/mygithub/ReactFormbuilder
99 error Darwin 14.3.0
100 error argv "node" "/usr/local/bin/npm" "install"
101 error node v0.12.2
102 error npm  v2.7.5
103 error code EPEERINVALID
104 error peerinvalid The package webpack does not satisfy its siblings' peerDependencies requirements!
105 verbose exit [ 1, true ]
